 2999.000  0.000000e+00  2.001191e-08  2.155972e-05  3.434521e-06 
 3003.000  0.000000e+00  2.018713e-08  2.194728e-05  3.496231e-06 
 3008.000  0.000000e+00  2.315903e-08  2.150085e-05  3.425653e-06 
 3012.000  0.000000e+00  2.527346e-08  2.186042e-05  3.483216e-06 
 3017.000  0.000000e+00  2.905999e-08  2.150033e-05  3.426510e-06 
 3021.000  0.000000e+00  2.594769e-08  2.185049e-05  3.481743e-06 
 3026.000  0.000000e+00  2.531225e-08  2.187824e-05  3.486058e-06 
 3030.000  0.000000e+00  2.714195e-08  2.221831e-05  3.540473e-06 
 3035.000  0.000000e+00  3.008765e-08  2.121215e-05  3.380806e-06 
 3040.000  0.000000e+00  3.793773e-08  2.102888e-05  3.352889e-06 
 3044.000  0.000000e+00  3.836335e-08  2.139452e-05  3.411149e-06 
 3049.000  0.000000e+00  4.504613e-08  2.128600e-05  3.394942e-06 
 3053.000  0.000000e+00  4.047400e-08  2.164655e-05  3.451597e-06 
 3058.000  0.000000e+00  4.041483e-08  2.275276e-05  3.627646e-06 
 3063.000  0.000000e+00  4.076527e-08  2.447558e-05  3.901897e-06 
 3067.000  0.000000e+00  3.849242e-08  2.487104e-05  3.964475e-06 
 3072.000  0.000000e+00  3.512772e-08  2.573425e-05  4.101325e-06 
 3077.000  0.000000e+00  3.731354e-08  2.533326e-05  4.037851e-06 
 3080.000  0.000000e+00  4.640358e-08  2.542348e-05  4.053658e-06
 3082.000  0.000000e+00  4.640358e-08  2.542348e-05  4.053658e-06 
 3086.000  0.000000e+00  3.841508e-08  2.583405e-05  4.117731e-06 
 3091.000  0.000000e+00  4.540436e-08  2.574259e-05  4.104286e-06 
 3096.000  0.000000e+00  5.303316e-08  2.545536e-05  4.059787e-06 
 3101.000  0.000000e+00  5.033663e-08  2.623584e-05  4.183574e-06 
 3106.000  0.000000e+00  5.175998e-08  2.765716e-05  4.410012e-06 
 3110.000  0.000000e+00  5.165828e-08  2.810247e-05  4.480869e-06 
 3115.000  0.000000e+00  4.892617e-08  3.023038e-05  4.819101e-06 
 3120.000  0.000000e+00  4.533687e-08  3.318250e-05  5.288374e-06 
 3125.000  0.000000e+00  4.493468e-08  3.495985e-05  5.571184e-06 
 3130.000  0.000000e+00  4.525165e-08  3.701902e-05  5.898963e-06 
 3135.000  0.000000e+00  4.981736e-08  3.704059e-05  5.903122e-06 
 3140.000  0.000000e+00  5.334585e-08  3.787533e-05  6.036536e-06 
 3145.000  0.000000e+00  5.373413e-08  4.008664e-05  6.388540e-06 
 3150.000  0.000000e+00  5.284764e-08  4.281324e-05  6.822350e-06 
 3155.000  0.000000e+00  5.191140e-08  4.588469e-05  7.311036e-06 
 3160.000  0.000000e+00  5.315444e-08  4.834408e-05  7.702660e-06 
 3165.000  0.000000e+00  5.838110e-08  4.934299e-05  7.862473e-06 
 3170.000  0.000000e+00  6.586227e-08  4.962410e-05  7.908403e-06 
 3175.000  0.000000e+00  7.427575e-08  4.899739e-05  7.809997e-06 
 3180.000  0.000000e+00  8.814711e-08  4.708758e-05  7.508249e-06 
 3185.000  0.000000e+00  1.049879e-07  4.344585e-05  6.931331e-06 
 3190.000  0.000000e+00  1.284703e-07  3.872456e-05  6.183652e-06 
 3195.000  0.000000e+00  1.555758e-07  3.381068e-05  5.405896e-06 
 3200.000  0.000000e+00  1.766727e-07  3.112766e-05  4.982239e-06 
 3205.000  0.000000e+00  1.812960e-07  3.165028e-05  5.066153e-06 
 3210.000  0.000000e+00  1.962130e-07  3.064914e-05  4.909190e-06 
 3215.000  0.000000e+00  2.034827e-07  3.126669e-05  5.008632e-06 
 3221.000  0.000000e+00  2.004527e-07  3.601152e-05  5.763314e-06 
 3226.000  0.000000e+00  2.025748e-07  3.889100e-05  6.221936e-06 
 3231.000  0.000000e+00  2.073360e-07  3.960315e-05  6.336035e-06 
 3236.000  0.000000e+00  2.065668e-07  4.346082e-05  6.949881e-06 
 3241.000  0.000000e+00  2.127425e-07  4.577412e-05  7.319037e-06 
 3247.000  0.000000e+00  2.210491e-07  4.816031e-05  7.700132e-06 
 3252.000  0.000000e+00  2.251789e-07  4.878271e-05  7.799847e-06 
 3257.000  0.000000e+00  2.343120e-07  4.873472e-05  7.793664e-06 
 3263.000  0.000000e+00  2.338149e-07  5.049925e-05  8.074418e-06 
 3268.000  0.000000e+00  2.331809e-07  5.416102e-05  8.657106e-06 
 3273.000  0.000000e+00  2.384973e-07  5.513031e-05  8.812220e-06 
 3279.000  0.000000e+00  2.333826e-07  6.198626e-05  9.902563e-06 
 3284.000  0.000000e+00  2.384904e-07  6.306232e-05  1.007464e-05 
 3289.000  0.000000e+00  2.425109e-07  6.425511e-05  1.026511e-05 
 3295.000  0.000000e+00  2.916779e-07  5.904499e-05  9.443725e-06 
 3300.000  0.000000e+00  2.979203e-07  6.016258e-05  9.622586e-06 
 3306.000  0.000000e+00  4.495138e-07  5.048220e-05  8.106033e-06 
 3311.000  0.000000e+00  4.594905e-07  5.146540e-05  8.264103e-06 
 3317.000  0.000000e+00  4.832592e-07  5.283675e-05  8.486141e-06 
 3322.000  0.000000e+00  4.937333e-07  5.380257e-05  8.641525e-06 
 3328.000  0.000000e+00  3.264895e-07  7.001403e-05  1.119504e-05
 3330.000  0.000000e+00  3.337437e-07  7.133118e-05  1.140583e-05
 3333.000  0.000000e+00  3.337437e-07  7.133118e-05  1.140583e-05 
 3339.000  0.000000e+00  2.581147e-07  7.775149e-05  1.241561e-05 
 3344.000  0.000000e+00  2.635592e-07  7.917835e-05  1.264357e-05 
 3350.000  0.000000e+00  2.596198e-07  8.118079e-05  1.296164e-05 
 3356.000  0.000000e+00  2.672295e-07  8.371408e-05  1.336604e-05 
 3361.000  0.000000e+00  2.729494e-07  8.509618e-05  1.358692e-05 
 3367.000  0.000000e+00  2.798284e-07  8.838916e-05  1.411211e-05 
 3373.000  0.000000e+00  2.848685e-07  9.394916e-05  1.499781e-05 
 3378.000  0.000000e+00  2.913091e-07  9.553308e-05  1.525092e-05 
 3384.000  0.000000e+00  2.967846e-07  9.909163e-05  1.581816e-05 
 3390.000  0.000000e+00  2.945867e-07  1.029445e-04  1.643101e-05 
 3396.000  0.000000e+00  2.937878e-07  1.055360e-04  1.684334e-05 
 3401.000  0.000000e+00  2.990766e-07  1.072428e-04  1.711582e-05 
 3407.000  0.000000e+00  3.014065e-07  1.097363e-04  1.751305e-05 
 3413.000  0.000000e+00  2.887982e-07  1.146726e-04  1.829668e-05 
 3419.000  0.000000e+00  2.884483e-07  1.178314e-04  1.879936e-05 
 3425.000  0.000000e+00  2.845585e-07  1.211816e-04  1.933194e-05 
 3431.000  0.000000e+00  2.818894e-07  1.237654e-04  1.974274e-05 
 3436.000  0.000000e+00  2.875230e-07  1.257191e-04  2.005458e-05 
 3442.000  0.000000e+00  2.815310e-07  1.284332e-04  2.048558e-05 
 3448.000  0.000000e+00  2.744111e-07  1.314882e-04  2.097067e-05 
 3454.000  0.000000e+00  2.682693e-07  1.345472e-04  2.145655e-05 
 3460.000  0.000000e+00  2.626756e-07  1.378410e-04  2.197988e-05 
 3466.000  0.000000e+00  2.674052e-07  1.406194e-04  2.242284e-05 
 3472.000  0.000000e+00  2.714843e-07  1.431944e-04  2.283330e-05 
 3478.000  0.000000e+00  2.770127e-07  1.457674e-04  2.324369e-05 
 3484.000  0.000000e+00  2.743208e-07  1.487948e-04  2.372510e-05 
 3490.000  0.000000e+00  2.607149e-07  1.521415e-04  2.425556e-05 
 3497.000  0.000000e+00  2.071522e-07  1.578866e-04  2.516141e-05
 3500.000  0.000000e+00  1.876413e-07  1.612477e-04  2.569323e-05
 3503.000  0.000000e+00  1.876413e-07  1.612477e-04  2.569323e-05 
 3509.000  0.000000e+00  1.934087e-07  1.639842e-04  2.612968e-05 
 3515.000  0.000000e+00  1.939849e-07  1.655276e-04  2.637540e-05 
 3521.000  0.000000e+00  2.039787e-07  1.684290e-04  2.683877e-05 
 3527.000  0.000000e+00  2.405249e-07  1.694425e-04  2.700590e-05 
 3534.000  0.000000e+00  3.088924e-07  1.689096e-04  2.693197e-05 
 3540.000  0.000000e+00  3.156730e-07  1.716407e-04  2.736771e-05 
 3546.000  0.000000e+00  3.223094e-07  1.746232e-04  2.784344e-05 
 3552.000  0.000000e+00  3.198760e-07  1.778765e-04  2.836083e-05 
 3559.000  0.000000e+00  3.351818e-07  1.825543e-04  2.910776e-05 
 3565.000  0.000000e+00  3.426388e-07  1.856040e-04  2.959432e-05 
 3571.000  0.000000e+00  3.737256e-07  1.878603e-04  2.995838e-05 
 3578.000  0.000000e+00  3.917038e-07  1.915749e-04  3.055244e-05 
 3584.000  0.000000e+00  4.004083e-07  1.947393e-04  3.105744e-05 
 3591.000  0.000000e+00  3.559003e-07  2.014024e-04  3.211083e-05 
 3597.000  0.000000e+00  3.636507e-07  2.047475e-04  3.264445e-05 
 3604.000  0.000000e+00  3.138878e-07  2.122852e-04  3.383620e-05 
 3610.000  0.000000e+00  3.207018e-07  2.157152e-04  3.438318e-05 
 3617.000  0.000000e+00  2.713167e-07  2.234083e-04  3.559972e-05 
 3623.000  0.000000e+00  2.769137e-07  2.270233e-04  3.617595e-05 
 3630.000  0.000000e+00  2.447229e-07  2.337337e-04  3.723883e-05 
 3636.000  0.000000e+00  2.499138e-07  2.374726e-04  3.783471e-05 
 3643.000  0.000000e+00  2.334953e-07  2.424624e-04  3.862625e-05 
 3650.000  0.000000e+00  2.235161e-07  2.457732e-04  3.915159e-05 
 3656.000  0.000000e+00  2.283930e-07  2.496533e-04  3.976990e-05 
 3663.000  0.000000e+00  2.344086e-07  2.510304e-04  3.999003e-05 
 3670.000  0.000000e+00  2.477375e-07  2.496973e-04  3.977998e-05 
 3676.000  0.000000e+00  2.469250e-07  2.540869e-04  4.047848e-05 
 3683.000  0.000000e+00  2.517324e-07  2.603657e-04  4.147855e-05 
 3690.000  0.000000e+00  2.440749e-07  2.686653e-04  4.279826e-05 
 3697.000  0.000000e+00  2.135291e-07  2.806259e-04  4.469699e-05 
 3704.000  0.000000e+00  2.540551e-07  2.857537e-04  4.551955e-05 
 3711.000  0.000000e+00  2.378971e-07  2.907127e-04  4.630622e-05 
 3717.000  0.000000e+00  2.578256e-07  2.951167e-04  4.701033e-05 
 3724.000  0.000000e+00  2.330257e-07  3.000181e-04  4.778645e-05 
 3731.000  0.000000e+00  2.775315e-07  3.041680e-04  4.845401e-05 
 3738.000  0.000000e+00  2.442736e-07  3.093533e-04  4.927399e-05 
 3745.000  0.000000e+00  2.349521e-07  3.144813e-04  5.008864e-05 
 3752.000  0.000000e+00  2.588117e-07  3.190896e-04  5.082587e-05 
 3759.000  0.000000e+00  2.224763e-07  3.243590e-04  5.165874e-05 
 3766.000  0.000000e+00  2.866053e-07  3.296327e-04  5.250829e-05 
 3774.000  0.000000e+00  2.960811e-07  3.365566e-04  5.361177e-05 
 3781.000  0.000000e+00  3.169385e-07  3.424339e-04  5.455049e-05 
 3788.000  0.000000e+00  3.126295e-07  3.487463e-04  5.555445e-05 
 3795.000  0.000000e+00  3.275294e-07  3.547158e-04  5.650690e-05 
 3802.000  0.000000e+00  3.106493e-07  3.621484e-04  5.768715e-05
 3800.000  0.000000e+00  3.106493e-07  3.621484e-04  5.768715e-05
 3810.000  0.000000e+00  3.116643e-07  3.713027e-04  5.914425e-05 
 3817.000  0.000000e+00  3.147265e-07  3.786957e-04  6.032138e-05 
 3824.000  0.000000e+00  3.114311e-07  3.849058e-04  6.130923e-05 
 3831.000  0.000000e+00  3.239346e-07  3.903187e-04  6.217272e-05 
 3839.000  0.000000e+00  4.586068e-07  3.933744e-04  6.268047e-05 
 3846.000  0.000000e+00  4.666353e-07  3.997180e-04  6.369135e-05 
 3854.000  0.000000e+00  6.294412e-07  3.994007e-04  6.366678e-05 
 3861.000  0.000000e+00  6.514054e-07  4.058237e-04  6.469252e-05 
 3868.000  0.000000e+00  7.527799e-07  4.074165e-04  6.496217e-05 
 3876.000  0.000000e+00  8.504903e-07  4.101431e-04  6.541166e-05 
 3883.000  0.000000e+00  8.927744e-07  4.165700e-04  6.644125e-05 
 3891.000  0.000000e+00  9.010223e-07  4.254834e-04  6.786118e-05 
 3899.000  0.000000e+00  8.532162e-07  4.366034e-04  6.962338e-05 
 3906.000  0.000000e+00  8.612845e-07  4.436096e-04  7.073973e-05 
 3914.000  0.000000e+00  8.512183e-07  4.528816e-04  7.221381e-05 
 3922.000  0.000000e+00  8.052052e-07  4.629659e-04  7.381145e-05 
 3929.000  0.000000e+00  8.266189e-07  4.704449e-04  7.500520e-05 
 3937.000  0.000000e+00  7.397568e-07  4.824269e-04  7.689836e-05 
 3945.000  0.000000e+00  5.727034e-07  5.006439e-04  7.977110e-05 
 3953.000  0.000000e+00  5.144065e-07  5.107030e-04  8.136278e-05 
 3960.000  0.000000e+00  5.102445e-07  5.187713e-04  8.264622e-05 
 3968.000  0.000000e+00  4.882137e-07  5.287764e-04  8.423506e-05 
 3976.000  0.000000e+00  4.977665e-07  5.372781e-04  8.558969e-05 
 3984.000  0.000000e+00  5.180406e-07  5.443671e-04  8.672116e-05 
 3992.000  0.000000e+00  5.348290e-07  5.523168e-04  8.798908e-05 
 4000.000  0.000000e+00  6.073229e-07  5.565329e-04  8.867162e-05 
 4008.000  0.000000e+00  6.958871e-07  5.600223e-04  8.924107e-05 
 4016.000  0.000000e+00  7.784927e-07  5.641588e-04  8.991255e-05 
 4024.000  0.000000e+00  8.713433e-07  5.676013e-04  9.047524e-05 
 4032.000  0.000000e+00  9.958977e-07  5.688506e-04  9.069389e-05 
 4040.000  0.000000e+00  1.092442e-06  5.716351e-04  9.115244e-05 
 4049.000  0.000000e+00  1.289361e-06  5.679491e-04  9.059712e-05 
 4057.000  0.000000e+00  1.377795e-06  5.713679e-04  9.115530e-05 
 4065.000  0.000000e+00  1.379237e-06  5.811754e-04  9.271644e-05 
 4073.000  0.000000e+00  1.523804e-06  5.813391e-04  9.276552e-05 
 4082.000  0.000000e+00  1.854441e-06  5.701671e-04  9.104006e-05 
 4090.000  0.000000e+00  1.999714e-06  5.703038e-04  9.108492e-05 
 4098.000  0.000000e+00  1.999100e-06  5.800066e-04  9.262908e-05 
 4107.000  0.000000e+00  2.369228e-06  5.698052e-04  9.106438e-05 
 4115.000  0.000000e+00  2.418845e-06  5.788222e-04  9.250737e-05 
 4124.000  0.000000e+00  3.067983e-06  5.616422e-04  8.987641e-05 
 4132.000  0.000000e+00  3.133475e-06  5.704236e-04  9.128444e-05 
 4141.000  0.000000e+00  4.331804e-06  5.415585e-04  8.688114e-05 
 4149.000  0.000000e+00  4.423874e-06  5.501278e-04  8.825964e-05 
 4158.000  0.000000e+00  5.364658e-06  5.361909e-04  8.619125e-05 
 4167.000  0.000000e+00  1.001707e-05  4.338466e-04  7.064310e-05 
 4175.000  0.000000e+00  1.022607e-05  4.406622e-04  7.176110e-05 
 4184.000  0.000000e+00  2.647599e-05  1.732731e-04  3.179105e-05 
 4193.000  0.000000e+00  4.708324e-05  5.237958e-05  1.583000e-05 
 4202.000  0.000000e+00  4.851443e-05  5.009408e-05  1.569403e-05 
 4211.000  0.000000e+00  4.972167e-05  5.036691e-05  1.592959e-05 
 4219.000  0.000000e+00  5.072621e-05  5.138321e-05  1.625122e-05 
 4228.000  0.000000e+00  5.189435e-05  5.228546e-05  1.658073e-05 
 4237.000  0.000000e+00  5.307119e-05  5.338653e-05  1.694327e-05 
 4246.000  0.000000e+00  5.426850e-05  5.458182e-05  1.732407e-05 
 4255.000  0.000000e+00  5.547522e-05  5.582036e-05  1.771324e-05 
 4264.000  0.000000e+00  5.669501e-05  5.706514e-05  1.810549e-05 
 4274.000  0.000000e+00  5.808053e-05  5.850754e-05  1.855557e-05 
 4283.000  0.000000e+00  5.936366e-05  5.987070e-05  1.897674e-05 
 4292.000  0.000000e+00  6.063341e-05  6.131324e-05  1.940841e-05 
 4301.000  0.000000e+00  6.194815e-05  6.264242e-05  1.982921e-05 
 4310.000  0.000000e+00  6.325463e-05  6.428090e-05  2.029791e-05 
 4320.000  0.000000e+00  6.461977e-05  6.713247e-05  2.096902e-05 
 4329.000  0.000000e+00  6.600889e-05  6.856968e-05  2.141884e-05 
 4338.000  0.000000e+00  6.727249e-05  7.139468e-05  2.206957e-05 
 4348.000  0.000000e+00  6.815954e-05  7.896754e-05  2.341600e-05 
 4357.000  0.000000e+00  6.958858e-05  8.059361e-05  2.390224e-05 
 4367.000  0.000000e+00  6.765496e-05  9.663139e-05  2.614698e-05 
 4376.000  0.000000e+00  6.905523e-05  9.854605e-05  2.667457e-05 
 4386.000  0.000000e+00  6.512656e-05  1.187775e-04  2.926923e-05 
 4396.000  0.000000e+00  6.420360e-05  1.303196e-04  3.095934e-05 
 4405.000  0.000000e+00  6.551993e-05  1.327944e-04  3.156271e-05 
 4415.000  0.000000e+00  6.421098e-05  1.473201e-04  3.366621e-05 
 4425.000  0.000000e+00  5.637155e-05  2.032893e-04  4.132631e-05 
 4435.000  0.000000e+00  5.170940e-05  2.521442e-04  4.835980e-05 
 4444.000  0.000000e+00  5.274393e-05  2.564244e-04  4.920568e-05 
 4454.000  0.000000e+00  4.868009e-05  3.050628e-04  5.629994e-05 
 4464.000  0.000000e+00  4.608137e-05  3.427747e-04  6.188837e-05 
 4474.000  0.000000e+00  4.380390e-05  3.812753e-04  6.765345e-05 
 4484.000  0.000000e+00  4.075211e-05  4.342592e-04  7.560040e-05 
 4494.000  0.000000e+00  3.744939e-05  4.968840e-04  8.504179e-05 
 4505.000  0.000000e+00  3.545046e-05  5.473310e-04  9.275254e-05 
 4515.000  0.000000e+00  3.527137e-05  5.713366e-04  9.654465e-05 
 4525.000  0.000000e+00  3.401806e-05  6.127266e-04  1.029326e-04 
 4535.000  0.000000e+00  3.474452e-05  6.228663e-04  1.046620e-04 
 4545.000  0.000000e+00  3.118208e-05  7.055069e-04  1.172477e-04 
 4556.000  0.000000e+00  2.057949e-05  9.450330e-04  1.536820e-04 
 4566.000  0.000000e+00  2.100739e-05  9.594927e-04  1.560514e-04 
 4577.000  0.000000e+00  1.225448e-05  1.218247e-03  1.958403e-04 
 4587.000  0.000000e+00  1.250234e-05  1.235645e-03  1.986488e-04 
 4598.000  0.000000e+00  6.955594e-06  1.414012e-03  2.261540e-04 
 4608.000  0.000000e+00  7.095469e-06  1.434065e-03  2.293678e-04 
 4619.000  0.000000e+00  4.014447e-06  1.533929e-03  2.447713e-04 
 4630.000  0.000000e+00  3.125622e-06  1.581597e-03  2.522164e-04 
 4640.000  0.000000e+00  3.189174e-06  1.603917e-03  2.557789e-04 
 4651.000  0.000000e+00  2.826372e-06  1.645975e-03  2.624148e-04 
 4662.000  0.000000e+00  4.087947e-06  1.682399e-03  2.684127e-04 
 4673.000  0.000000e+00  1.413047e-05  1.703555e-03  2.733781e-04 
 4684.000  0.000000e+00  2.234980e-05  1.711415e-03  2.759372e-04 
 4695.000  0.000000e+00  2.885109e-05  1.713478e-03  2.773004e-04 
 4706.000  0.000000e+00  3.319976e-05  1.730766e-03  2.807438e-04 
 4717.000  0.000000e+00  3.491556e-05  1.748565e-03  2.838498e-04 
 4728.000  0.000000e+00  3.564084e-05  1.774048e-03  2.880210e-04 
 4739.000  0.000000e+00  3.611379e-05  1.798384e-03  2.919693e-04 
 4751.000  0.000000e+00  3.727902e-05  1.813934e-03  2.946297e-04 
 4762.000  0.000000e+00  3.801801e-05  1.826649e-03  2.967709e-04 
 4773.000  0.000000e+00  3.879532e-05  1.852808e-03  3.010580e-04 
 4785.000  0.000000e+00  3.592101e-05  1.829997e-03  2.969701e-04 
 4796.000  0.000000e+00  3.665125e-05  1.857717e-03  3.014981e-04 
 4808.000  0.000000e+00  3.187556e-05  1.806967e-03  2.926609e-04 
 4819.000  0.000000e+00  3.251185e-05  1.832794e-03  2.968726e-04 
 4831.000  0.000000e+00  2.549992e-05  1.826858e-03  2.948119e-04 
 4843.000  0.000000e+00  2.115906e-05  1.881213e-03  3.027719e-04 
 4854.000  0.000000e+00  2.157422e-05  1.905678e-03  3.067317e-04 
 4866.000  0.000000e+00  1.716390e-05  1.972620e-03  3.166840e-04 
 4878.000  0.000000e+00  1.321938e-05  2.039804e-03  3.267488e-04 
 4890.000  0.000000e+00  7.327605e-06  2.124289e-03  3.392573e-04 
 4902.000  0.000000e+00  5.732987e-06  2.152520e-03  3.434966e-04 
 4914.000  0.000000e+00  5.847388e-06  2.185022e-03  3.486877e-04 
 4926.000  0.000000e+00  4.779006e-06  2.193916e-03  3.499332e-04 
 4938.000  0.000000e+00  4.136849e-06  2.175763e-03  3.469418e-04 
 4950.000  0.000000e+00  3.702890e-06  2.157171e-03  3.439137e-04 
 4963.000  0.000000e+00  2.847886e-06  2.160457e-03  3.443007e-04 
 4975.000  0.000000e+00  2.916834e-06  2.185009e-03  3.482192e-04 
 4988.000  0.000000e+00  2.503040e-06  2.155694e-03  3.434878e-04 
 5000.000  0.000000e+00  2.553504e-06  2.180342e-03  3.474186e-04 
 5013.000  0.000000e+00  2.459841e-06  2.154083e-03  3.432245e-04 
 5025.000  0.000000e+00  2.525307e-06  2.175517e-03  3.466462e-04 
 5038.000  0.000000e+00  1.858294e-06  2.308820e-03  3.677559e-04 
 5051.000  0.000000e+00  1.940650e-06  2.313116e-03  3.684527e-04 
 5063.000  0.000000e+00  1.979155e-06  2.345105e-03  3.735500e-04 
 5076.000  0.000000e+00  2.364741e-06  2.304302e-03  3.671174e-04 
 5089.000  0.000000e+00  3.056242e-06  2.231983e-03  3.557176e-04 
 5102.000  0.000000e+00  3.918375e-06  2.158216e-03  3.441144e-04 
 5115.000  0.000000e+00  5.002925e-06  2.077860e-03  3.314979e-04 
 5128.000  0.000000e+00  5.796968e-06  2.044439e-03  3.263052e-04 
 5141.000  0.000000e+00  6.603990e-06  2.023565e-03  3.231115e-04 
 5155.000  0.000000e+00  7.821716e-06  2.055169e-03  3.283351e-04 
 5168.000  0.000000e+00  9.825824e-06  2.043597e-03  3.268124e-04 
 5181.000  0.000000e+00  1.006899e-05  2.061620e-03  3.297195e-04 
 5195.000  0.000000e+00  1.883982e-05  1.810023e-03  2.910726e-04 
 5208.000  0.000000e+00  1.927495e-05  1.825730e-03  2.936416e-04 
 5222.000  0.000000e+00  2.136554e-05  1.787820e-03  2.879409e-04 
 5236.000  0.000000e+00  1.908979e-05  1.846555e-03  2.969265e-04 
 5249.000  0.000000e+00  1.945060e-05  1.873701e-03  3.013044e-04 
 5263.000  0.000000e+00  1.682944e-05  1.940065e-03  3.114494e-04 
 5277.000  0.000000e+00  1.664497e-05  1.939556e-03  3.113390e-04 
 5291.000  0.000000e+00  1.591129e-05  1.967127e-03  3.156103e-04 
 5305.000  0.000000e+00  1.564620e-05  1.994012e-03  3.198470e-04 
 5319.000  0.000000e+00  1.614572e-05  2.005962e-03  3.218285e-04 
 5333.000  0.000000e+00  1.796653e-05  1.971170e-03  3.165808e-04 
 5348.000  0.000000e+00  2.304563e-05  1.873190e-03  3.017953e-04 
 5362.000  0.000000e+00  2.502440e-05  1.875764e-03  3.025199e-04 
 5376.000  0.000000e+00  2.572094e-05  1.889278e-03  3.047815e-04 
 5391.000  0.000000e+00  3.380083e-05  1.798321e-03  2.915912e-04 
 5405.000  0.000000e+00  3.475436e-05  1.809614e-03  2.935403e-04 
 5420.000  0.000000e+00  5.048440e-05  1.674158e-03  2.744854e-04 
 5435.000  0.000000e+00  7.742587e-05  1.492022e-03  2.497855e-04 
 5450.000  0.000000e+00  7.580814e-05  1.539528e-03  2.570888e-04 
 5464.000  0.000000e+00  7.744510e-05  1.556129e-03  2.599914e-04 
 5479.000  0.000000e+00  6.708004e-05  1.657809e-03  2.745246e-04 
 5495.000  0.000000e+00  5.620061e-05  1.764151e-03  2.897180e-04 
 5510.000  0.000000e+00  6.714949e-05  1.713264e-03  2.833616e-04 
 5525.000  0.000000e+00  8.605204e-05  1.605016e-03  2.691418e-04 
 5540.000  0.000000e+00  8.764910e-05  1.630019e-03  2.733754e-04 
 5556.000  0.000000e+00  1.375925e-04  1.392174e-03  2.434699e-04 
 5571.000  0.000000e+00  1.401122e-04  1.414010e-03  2.473463e-04 
 5587.000  0.000000e+00  1.537020e-04  1.380794e-03  2.442226e-04 
 5602.000  0.000000e+00  1.565025e-04  1.402584e-03  2.481363e-04 
 5618.000  0.000000e+00  1.771589e-04  1.343532e-03  2.420255e-04 
 5634.000  0.000000e+00  1.865286e-04  1.341352e-03  2.431698e-04 
 5650.000  0.000000e+00  1.942881e-04  1.341796e-03  2.444754e-04 
 5666.000  0.000000e+00  2.036187e-04  1.342988e-03  2.461501e-04 
 5682.000  0.000000e+00  2.191113e-04  1.320906e-03  2.451014e-04 
 5698.000  0.000000e+00  2.231377e-04  1.342311e-03  2.491490e-04 
 5714.000  0.000000e+00  2.557299e-04  1.276504e-03  2.438626e-04 
 5731.000  0.000000e+00  2.914606e-04  1.220733e-03  2.406730e-04 
 5747.000  0.000000e+00  2.977671e-04  1.237153e-03  2.442902e-04 
 5764.000  0.000000e+00  2.695856e-04  1.354065e-03  2.584120e-04 
 5780.000  0.000000e+00  2.758406e-04  1.369386e-03  2.618459e-04 
 5797.000  0.000000e+00  2.678899e-04  1.432560e-03  2.706351e-04 
 5814.000  0.000000e+00  3.141465e-04  1.342917e-03  2.637298e-04 
 5831.000  0.000000e+00  3.517885e-04  1.292299e-03  2.616646e-04 
 5848.000  0.000000e+00  4.099087e-04  1.218535e-03  2.591748e-04 
 5865.000  0.000000e+00  4.172135e-04  1.238448e-03  2.635067e-04 
 5882.000  0.000000e+00  4.532063e-04  1.213042e-03  2.651916e-04 
 5900.000  0.000000e+00  4.621011e-04  1.232053e-03  2.696331e-04 
 5917.000  0.000000e+00  4.708572e-04  1.251061e-03  2.740517e-04 
 5935.000  0.000000e+00  4.588922e-04  1.301300e-03  2.801432e-04 
 5952.000  0.000000e+00  4.678090e-04  1.319739e-03  2.844971e-04 
 5970.000  0.000000e+00  4.554696e-04  1.374055e-03  2.911779e-04 
 5988.000  0.000000e+00  4.469718e-04  1.422277e-03  2.975003e-04 
 6006.000  0.000000e+00  4.372983e-04  1.476516e-03  3.045930e-04 
 6024.000  0.000000e+00  4.461868e-04  1.499895e-03  3.097286e-04 
 6042.000  0.000000e+00  4.698559e-04  1.497795e-03  3.131614e-04 
 6061.000  0.000000e+00  4.881685e-04  1.511107e-03  3.181946e-04 
 6079.000  0.000000e+00  4.966402e-04  1.535193e-03  3.233762e-04 
 6098.000  0.000000e+00  4.696045e-04  1.636406e-03  3.351819e-04 
 6116.000  0.000000e+00  4.774760e-04  1.661601e-03  3.404446e-04 
 6135.000  0.000000e+00  4.604827e-04  1.745373e-03  3.510728e-04 
 6154.000  0.000000e+00  4.413255e-04  1.834512e-03  3.622108e-04 
 6173.000  0.000000e+00  3.892034e-04  2.025186e-03  3.842619e-04 
 6192.000  0.000000e+00  3.351588e-04  2.235275e-03  4.090972e-04 
 6211.000  0.000000e+00  3.388720e-04  2.279618e-03  4.167456e-04 
 6231.000  0.000000e+00  2.323686e-04  2.649712e-03  4.586974e-04 
 6250.000  0.000000e+00  2.365930e-04  2.684784e-03  4.649516e-04 
 6270.000  0.000000e+00  2.192776e-04  2.770721e-03  4.758731e-04 
 6289.000  0.000000e+00  2.250929e-04  2.788246e-03  4.795878e-04 
 6309.000  0.000000e+00  2.524292e-04  2.733913e-03  4.752910e-04 
 6329.000  0.000000e+00  3.325647e-04  2.559163e-03  4.602327e-04 
 6349.000  0.000000e+00  4.475113e-04  2.316704e-03  4.399386e-04 
 6369.000  0.000000e+00  5.711507e-04  2.086280e-03  4.229432e-04 
 6390.000  0.000000e+00  7.204433e-04  1.892237e-03  4.158209e-04 
 6410.000  0.000000e+00  7.350932e-04  1.916517e-03  4.220168e-04 
 6431.000  0.000000e+00  7.442292e-04  1.951029e-03  4.289637e-04 
 6452.000  0.000000e+00  7.691677e-04  1.962628e-03  4.347788e-04 
 6472.000  0.000000e+00  7.813752e-04  1.991385e-03  4.412985e-04 
 6494.000  0.000000e+00  8.269739e-04  1.978294e-03  4.464723e-04 
 6515.000  0.000000e+00  8.458052e-04  2.000394e-03  4.529867e-04 
 6536.000  0.000000e+00  8.704282e-04  2.015437e-03  4.592997e-04 
 6557.000  0.000000e+00  8.844105e-04  2.045538e-03  4.663157e-04 
 6579.000  0.000000e+00  8.744333e-04  2.104732e-03  4.741489e-04 
 6601.000  0.000000e+00  8.740854e-04  2.154067e-03  4.819454e-04 
 6623.000  0.000000e+00  8.511413e-04  2.235074e-03  4.911864e-04 
 6645.000  0.000000e+00  7.942317e-04  2.365295e-03  5.028544e-04 
 6667.000  0.000000e+00  7.070823e-04  2.560334e-03  5.200255e-04 
 6689.000  0.000000e+00  6.464929e-04  2.733379e-03  5.379232e-04 
 6711.000  0.000000e+00  6.536893e-04  2.779288e-03  5.463752e-04 
 6734.000  0.000000e+00  5.953070e-04  2.972085e-03  5.677681e-04 
 6757.000  0.000000e+00  5.873646e-04  3.056547e-03  5.799465e-04 
 6780.000  0.000000e+00  6.208886e-04  3.038187e-03  5.823600e-04 
 6803.000  0.000000e+00  6.455650e-04  3.050902e-03  5.883109e-04 
 6826.000  0.000000e+00  6.337092e-04  3.139492e-03  6.005237e-04 
 6849.000  0.000000e+00  6.404023e-04  3.192329e-03  6.099981e-04 
 6873.000  0.000000e+00  4.916260e-04  3.641602e-03  6.578236e-04 
 6897.000  0.000000e+00  4.336585e-04  3.878540e-03  6.863077e-04 
 6920.000  0.000000e+00  4.400467e-04  3.927572e-03  6.951280e-04 
 6944.000  0.000000e+00  4.227101e-04  4.053548e-03  7.124186e-04 
 6969.000  0.000000e+00  4.706864e-04  4.003691e-03  7.121193e-04 
 6993.000  0.000000e+00  4.746904e-04  4.074989e-03  7.241039e-04 
 7018.000  0.000000e+00  4.369241e-04  4.266859e-03  7.486304e-04 
 7042.000  0.000000e+00  4.398775e-04  4.345634e-03  7.616378e-04 
 7067.000  0.000000e+00  3.761858e-04  4.627062e-03  7.962917e-04 
 7092.000  0.000000e+00  3.474499e-04  4.811289e-03  8.210387e-04 
 7117.000  0.000000e+00  3.611914e-04  4.859705e-03  8.309315e-04 
 7143.000  0.000000e+00  3.695342e-04  4.952624e-03  8.470478e-04 
 7168.000  0.000000e+00  3.748774e-04  5.010133e-03  8.570511e-04 
 7194.000  0.000000e+00  3.520257e-04  5.199203e-03  8.835055e-04 
 7220.000  0.000000e+00  3.084360e-04  5.490827e-03  9.229813e-04 
 7246.000  0.000000e+00  2.859637e-04  5.742072e-03  9.593917e-04 
 7273.000  0.000000e+00  3.071502e-04  5.956822e-03  9.969422e-04 
 7299.000  0.000000e+00  3.097592e-04  6.060517e-03  1.013861e-03 
 7326.000  0.000000e+00  3.263278e-04  6.309093e-03  1.056060e-03 
 7353.000  0.000000e+00  3.567616e-04  6.921451e-03  1.158364e-03 
 7380.000  0.000000e+00  3.619394e-04  6.992886e-03  1.170557e-03 
 7407.000  0.000000e+00  3.743904e-04  7.250520e-03  1.213542e-03 
 7435.000  0.000000e+00  3.655860e-04  7.588288e-03  1.265898e-03 
 7463.000  0.000000e+00  3.262280e-04  7.970997e-03  1.320544e-03 
 7491.000  0.000000e+00  2.948426e-04  8.181535e-03  1.349057e-03 
 7519.000  0.000000e+00  2.954931e-04  8.426785e-03  1.388194e-03 
 7547.000  0.000000e+00  2.996584e-04  8.504555e-03  1.401234e-03 
 7576.000  0.000000e+00  4.606590e-04  8.617459e-03  1.444827e-03 
 7605.000  0.000000e+00  5.536808e-04  8.698954e-03  1.472603e-03 
 7634.000  0.000000e+00  6.183963e-04  8.743237e-03  1.489950e-03 
 7663.000  0.000000e+00  6.446728e-04  8.728829e-03  1.491839e-03 
 7692.000  0.000000e+00  6.530336e-04  8.860293e-03  1.514093e-03 
 7722.000  0.000000e+00  6.381907e-04  9.076914e-03  1.546207e-03 
 7752.000  0.000000e+00  5.655272e-04  9.626743e-03  1.622150e-03 
 7782.000  0.000000e+00  5.732539e-04  9.707205e-03  1.636186e-03 
 7813.000  0.000000e+00  5.869395e-04  9.767696e-03  1.647991e-03 
 7843.000  0.000000e+00  5.947493e-04  9.846594e-03  1.661791e-03 
 7874.000  0.000000e+00  6.019826e-04  9.926887e-03  1.675722e-03 
 7905.000  0.000000e+00  5.649081e-04  1.028099e-02  1.726178e-03 
 7937.000  0.000000e+00  3.960353e-04  1.133273e-02  1.866690e-03 
 7968.000  0.000000e+00  4.013517e-04  1.141591e-02  1.880776e-03 
 8000.000  0.000000e+00  3.072955e-04  1.200077e-02  1.958890e-03 
 8032.000  0.000000e+00  2.350737e-04  1.244729e-02  2.018461e-03 
 8065.000  0.000000e+00  1.295233e-04  1.307970e-02  2.102313e-03 
 8097.000  0.000000e+00  1.313862e-04  1.316638e-02  2.116405e-03 
 8130.000  0.000000e+00  9.999224e-05  1.342150e-02  2.152012e-03 
 8163.000  0.000000e+00  7.845180e-05  1.359417e-02  2.176065e-03 
 8197.000  0.000000e+00  5.138929e-05  1.386279e-02  2.214510e-03 
 8230.000  0.000000e+00  5.190591e-05  1.394583e-02  2.227809e-03 
 8264.000  0.000000e+00  4.593996e-05  1.416009e-02  2.260959e-03 
 8299.000  0.000000e+00  5.216516e-05  1.442165e-02  2.303579e-03 
 8333.000  0.000000e+00  5.261593e-05  1.450456e-02  2.316846e-03 
 8368.000  0.000000e+00  6.557965e-05  1.456773e-02  2.328964e-03 
 8403.000  0.000000e+00  8.339727e-05  1.458686e-02  2.334844e-03 
 8439.000  0.000000e+00  1.198069e-04  1.460149e-02  2.342968e-03 
 8475.000  0.000000e+00  1.372796e-04  1.467712e-02  2.357785e-03 
 8511.000  0.000000e+00  1.488636e-04  1.481163e-02  2.381036e-03 
 8547.000  0.000000e+00  1.504058e-04  1.488696e-02  2.393272e-03 
 8584.000  0.000000e+00  1.712414e-04  1.502471e-02  2.418511e-03 
 8621.000  0.000000e+00  1.842271e-04  1.511657e-02  2.435197e-03 
 8658.000  0.000000e+00  1.861000e-04  1.518959e-02  2.447117e-03 
 8696.000  0.000000e+00  2.431288e-04  1.529714e-02  2.473311e-03 
 8734.000  0.000000e+00  2.898624e-04  1.540213e-02  2.497459e-03 
 8772.000  0.000000e+00  3.400801e-04  1.550100e-02  2.521186e-03 
 8811.000  0.000000e+00  3.559459e-04  1.562256e-02  2.543058e-03 
 8850.000  0.000000e+00  3.766653e-04  1.571272e-02  2.560704e-03 
 8889.000  0.000000e+00  3.846287e-04  1.580050e-02  2.575943e-03 
 8929.000  0.000000e+00  3.785033e-04  1.588810e-02  2.588910e-03 
 8969.000  0.000000e+00  3.798688e-04  1.596226e-02  2.600930e-03 
 9009.000  0.000000e+00  3.836447e-04  1.602509e-02  2.611532e-03 
 9050.000  0.000000e+00  3.569612e-04  1.609678e-02  2.618694e-03 
 9091.000  0.000000e+00  3.304646e-04  1.615618e-02  2.623931e-03 
 9132.000  0.000000e+00  3.337892e-04  1.621962e-02  2.634556e-03 
 9174.000  0.000000e+00  3.255193e-04  1.626097e-02  2.639821e-03 
 9217.000  0.000000e+00  4.097762e-04  1.623013e-02  2.648323e-03 
 9259.000  0.000000e+00  4.136834e-04  1.628727e-02  2.658039e-03 
 9302.000  0.000000e+00  5.597347e-04  1.627292e-02  2.679000e-03 
 9346.000  0.000000e+00  1.675155e-03  1.573029e-02  2.770163e-03 
 9390.000  0.000000e+00  2.610800e-03  1.503588e-02  2.808557e-03 
 9434.000  0.000000e+00  3.192561e-03  1.445176e-02  2.808180e-03 
 9479.000  0.000000e+00  3.407471e-03  1.425655e-02  2.811316e-03 
 9524.000  0.000000e+00  3.368971e-03  1.440940e-02  2.829516e-03 
 9569.000  0.000000e+00  3.399609e-03  1.445992e-02  2.842433e-03 
 9615.000  0.000000e+00  3.389526e-03  1.456521e-02  2.857585e-03 
 9662.000  0.000000e+00  3.382344e-03  1.467220e-02  2.873469e-03 
 9709.000  0.000000e+00  3.336768e-03  1.481557e-02  2.889035e-03 
 9756.000  0.000000e+00  3.365986e-03  1.485682e-02  2.900249e-03 
 9804.000  0.000000e+00  2.723949e-03  1.560522e-02  2.917178e-03 
 9852.000  0.000000e+00  2.747001e-03  1.564206e-02  2.926710e-03 
 9901.000  0.000000e+00  1.685667e-03  1.644088e-02  2.884930e-03 
 9950.000  0.000000e+00  1.699333e-03  1.647346e-02  2.892290e-03 
10000.000  0.000000e+00  1.192628e-03  1.659537e-02  2.831049e-03 
10050.000  0.000000e+00  8.094972e-04  1.697802e-02  2.830971e-03 
10101.000  0.000000e+00  5.640756e-04  1.710468e-02  2.812070e-03 
10152.000  0.000000e+00  4.124699e-04  1.714868e-02  2.794944e-03 
10204.000  0.000000e+00  2.937273e-04  1.722392e-02  2.788021e-03 
10256.000  0.000000e+00  1.896204e-04  1.725890e-02  2.777018e-03 
10309.000  0.000000e+00  1.069280e-04  1.729280e-02  2.769253e-03 
10363.000  0.000000e+00  2.987534e-05  1.733431e-02  2.763596e-03 
10417.000  0.000000e+00  1.984665e-05  1.735339e-02  2.765036e-03 
10471.000  0.000000e+00  1.992452e-05  1.735070e-02  2.764621e-03 
10526.000  0.000000e+00  1.685045e-05  1.737142e-02  2.767429e-03 
10582.000  0.000000e+00  1.575140e-05  1.738100e-02  2.768779e-03 
10638.000  0.000000e+00  1.462095e-05  1.739075e-02  2.770151e-03 
10695.000  0.000000e+00  1.285954e-05  1.740524e-02  2.772176e-03 
10753.000  0.000000e+00  9.895773e-06  1.742817e-02  2.775354e-03 
10811.000  0.000000e+00  9.164847e-06  1.742965e-02  2.775474e-03 
10870.000  0.000000e+00  2.461961e-05  1.743632e-02  2.778995e-03 
10929.000  0.000000e+00  2.834993e-05  1.742819e-02  2.778295e-03 
10989.000  0.000000e+00  2.881582e-05  1.741729e-02  2.776633e-03 
11050.000  0.000000e+00  4.194361e-05  1.741013e-02  2.777583e-03 
11111.000  0.000000e+00  4.185375e-05  1.739687e-02  2.775460e-03 
11173.000  0.000000e+00  4.778885e-05  1.738312e-02  2.774216e-03 
11236.000  0.000000e+00  4.277640e-05  1.738400e-02  2.773557e-03 
11299.000  0.000000e+00  4.263527e-05  1.735835e-02  2.769453e-03 
11364.000  0.000000e+00  3.679543e-05  1.733870e-02  2.765395e-03 
11429.000  0.000000e+00  3.585657e-05  1.730679e-02  2.760169e-03 
11494.000  0.000000e+00  3.567269e-05  1.728306e-02  2.756361e-03 
11561.000  0.000000e+00  2.564739e-05  1.725881e-02  2.750907e-03 
11628.000  0.000000e+00  1.839339e-05  1.723637e-02  2.746180e-03 
11696.000  0.000000e+00  1.304013e-05  1.719637e-02  2.738963e-03 
11765.000  0.000000e+00  6.151316e-06  1.715699e-02  2.731599e-03 
11834.000  0.000000e+00  6.102522e-06  1.711022e-02  2.724148e-03 
11905.000  0.000000e+00  8.776655e-06  1.706410e-02  2.717233e-03 
11976.000  0.000000e+00  1.038534e-05  1.700651e-02  2.708323e-03 
12048.000  0.000000e+00  1.511737e-05  1.694564e-02  2.699388e-03 
12121.000  0.000000e+00  2.290934e-05  1.688601e-02  2.691138e-03 
12195.000  0.000000e+00  3.421271e-05  1.681345e-02  2.681388e-03 
12270.000  0.000000e+00  7.962470e-05  1.666588e-02  2.665130e-03 
12346.000  0.000000e+00  1.183574e-04  1.651066e-02  2.646591e-03 
12422.000  0.000000e+00  1.185398e-04  1.644552e-02  2.636252e-03 
12500.000  0.000000e+00  1.625562e-04  1.628025e-02  2.616954e-03 
12579.000  0.000000e+00  2.478207e-04  1.611439e-02  2.604127e-03 
12658.000  0.000000e+00  2.482600e-04  1.604576e-02  2.593273e-03 
12739.000  0.000000e+00  3.433763e-04  1.589544e-02  2.584487e-03 
12821.000  0.000000e+00  4.228287e-04  1.569519e-02  2.565263e-03 
12903.000  0.000000e+00  4.233118e-04  1.562027e-02  2.553416e-03 
12987.000  0.000000e+00  5.557109e-04  1.529588e-02  2.522858e-03 
13072.000  0.000000e+00  1.006393e-03  1.433620e-02  2.441850e-03 
13158.000  0.000000e+00  1.320298e-03  1.358147e-02  2.371690e-03 
13245.000  0.000000e+00  1.320632e-03  1.351668e-02  2.361431e-03 
13333.000  0.000000e+00  1.655878e-03  1.273636e-02  2.290595e-03 
13423.000  0.000000e+00  2.306479e-03  1.149544e-02  2.196644e-03 
13514.000  0.000000e+00  2.608738e-03  1.097769e-02  2.162347e-03 
13605.000  0.000000e+00  2.606784e-03  1.092897e-02  2.154283e-03 
13699.000  0.000000e+00  3.275534e-03  9.961559e-03  2.106749e-03 
13793.000  0.000000e+00  3.271723e-03  9.918056e-03  2.099219e-03 
13889.000  0.000000e+00  4.176651e-03  8.780761e-03  2.062236e-03 
13986.000  0.000000e+00  4.169839e-03  8.746379e-03  2.055680e-03 
14085.000  0.000000e+00  5.243678e-03  7.727609e-03  2.064444e-03 
14184.000  0.000000e+00  5.232436e-03  7.700859e-03  2.058398e-03 
14286.000  0.000000e+00  6.204656e-03  7.026843e-03  2.105858e-03 
14388.000  0.000000e+00  6.188133e-03  7.003511e-03  2.099515e-03 
14493.000  0.000000e+00  6.415928e-03  6.695274e-03  2.086713e-03 
14599.000  0.000000e+00  6.408929e-03  6.609872e-03  2.072006e-03 
14706.000  0.000000e+00  6.391105e-03  6.554491e-03  2.060356e-03 
14815.000  0.000000e+00  6.369122e-03  6.514591e-03  2.050507e-03 
14925.000  0.000000e+00  6.343764e-03  6.487614e-03  2.042177e-03 
15038.000  0.000000e+00  6.312504e-03  6.488370e-03  2.037322e-03 
15152.000  0.000000e+00  6.277965e-03  6.493265e-03  2.032604e-03 
15267.000  0.000000e+00  6.248101e-03  6.460744e-03  2.022675e-03 
15385.000  0.000000e+00  6.123695e-03  6.595206e-03  2.024276e-03 
15504.000  0.000000e+00  5.846630e-03  6.736408e-03  2.002653e-03 
15625.000  0.000000e+00  5.814399e-03  6.694406e-03  1.990838e-03 
15748.000  0.000000e+00  5.296464e-03  6.920039e-03  1.944317e-03 
15873.000  0.000000e+00  4.659807e-03  7.237351e-03  1.893492e-03 
16000.000  0.000000e+00  4.025067e-03  7.630097e-03  1.854977e-03 
16129.000  0.000000e+00  3.479636e-03  8.001173e-03  1.827227e-03 
16260.000  0.000000e+00  2.991583e-03  8.342372e-03  1.803855e-03 
16393.000  0.000000e+00  2.557749e-03  8.650531e-03  1.783853e-03 
16529.000  0.000000e+00  1.947035e-03  9.182509e-03  1.771322e-03 
16667.000  0.000000e+00  1.684287e-03  9.363872e-03  1.758369e-03 
16807.000  0.000000e+00  1.447267e-03  9.536739e-03  1.748159e-03 
16949.000  0.000000e+00  1.435051e-03  9.410585e-03  1.726136e-03 
17094.000  0.000000e+00  1.203900e-03  9.538894e-03  1.709769e-03 
17241.000  0.000000e+00  9.650284e-04  9.600496e-03  1.681555e-03 
17391.000  0.000000e+00  7.091740e-04  9.650213e-03  1.648748e-03 
17544.000  0.000000e+00  3.194634e-04  9.780916e-03  1.607526e-03 
17699.000  0.000000e+00  3.158739e-04  9.637461e-03  1.584122e-03 
17857.000  0.000000e+00  2.006350e-04  9.590201e-03  1.558260e-03 
18018.000  0.000000e+00  1.345208e-04  9.446853e-03  1.524923e-03 
18182.000  0.000000e+00  9.051289e-05  9.239785e-03  1.484963e-03 
18349.000  0.000000e+00  7.544761e-05  9.103891e-03  1.460937e-03 
18519.000  0.000000e+00  6.963293e-05  8.904273e-03  1.428241e-03 
18692.000  0.000000e+00  6.895378e-05  8.713005e-03  1.397692e-03 
18868.000  0.000000e+00  8.405073e-05  8.415437e-03  1.352735e-03 
19048.000  0.000000e+00  1.114043e-04  8.121653e-03  1.310332e-03 
19231.000  0.000000e+00  1.307698e-04  7.869778e-03  1.273327e-03 
19417.000  0.000000e+00  1.287561e-04  7.728683e-03  1.250550e-03 
19608.000  0.000000e+00  1.157748e-04  7.599231e-03  1.227881e-03 
19802.000  0.000000e+00  9.586336e-05  7.528373e-03  1.213435e-03 
20000.000  0.000000e+00  9.583789e-05  7.362647e-03  1.187055e-03 
20202.000  0.000000e+00  8.505950e-05  7.242158e-03  1.166163e-03 
20408.000  0.000000e+00  8.957736e-05  7.056674e-03  1.137361e-03 
20619.000  0.000000e+00  1.196561e-04  6.781867e-03  1.098412e-03 
20833.000  0.000000e+00  1.195442e-04  6.620889e-03  1.072773e-03 
21053.000  0.000000e+00  1.803625e-04  6.312971e-03  1.033446e-03 
21277.000  0.000000e+00  1.882732e-04  6.133042e-03  1.006069e-03 
21505.000  0.000000e+00  1.843176e-04  5.999498e-03  9.841847e-04 
21739.000  0.000000e+00  2.149417e-04  5.793941e-03  9.563434e-04 
21978.000  0.000000e+00  2.262903e-04  5.622105e-03  9.308012e-04 
22222.000  0.000000e+00  2.124630e-04  5.490810e-03  9.077040e-04 
22472.000  0.000000e+00  2.126740e-04  5.337723e-03  8.833730e-04 
22727.000  0.000000e+00  2.119842e-04  5.190558e-03  8.598414e-04 
22989.000  0.000000e+00  2.812042e-04  4.960751e-03  8.342830e-04 
23256.000  0.000000e+00  3.132531e-04  4.775299e-03  8.098683e-04 
23529.000  0.000000e+00  3.051095e-04  4.652988e-03  7.891057e-04 
23810.000  0.000000e+00  2.525224e-04  4.548662e-03  7.641324e-04 
24096.000  0.000000e+00  2.453166e-04  4.427217e-03  7.436568e-04 
24390.000  0.000000e+00  2.179119e-04  4.315229e-03  7.214717e-04 
24691.000  0.000000e+00  2.298040e-04  4.164015e-03  6.992980e-04 
25000.000  0.000000e+00  3.021643e-04  3.968098e-03  6.796333e-04 
25316.000  0.000000e+00  3.794285e-04  3.788028e-03  6.632713e-04 
25641.000  0.000000e+00  4.271264e-04  3.635181e-03  6.465364e-04 
25974.000  0.000000e+00  4.913533e-04  3.475842e-03  6.313988e-04 
26316.000  0.000000e+00  4.956510e-04  3.342744e-03  6.108996e-04 
26667.000  0.000000e+00  5.130990e-04  3.223296e-03  5.946656e-04 
27027.000  0.000000e+00  5.061744e-04  3.109039e-03  5.753791e-04 
27397.000  0.000000e+00  5.324804e-04  2.983627e-03  5.596059e-04 
27778.000  0.000000e+00  7.574833e-04  2.786426e-03  5.640307e-04 
28169.000  0.000000e+00  7.299192e-04  2.690928e-03  5.444447e-04 
28571.000  0.000000e+00  7.714924e-04  2.569729e-03  5.317718e-04 
28986.000  0.000000e+00  9.084168e-04  2.437717e-03  5.325536e-04 
29412.000  0.000000e+00  8.981811e-04  2.337828e-03  5.150269e-04 
29851.000  0.000000e+00  8.712726e-04  2.247616e-03  4.963866e-04 
30303.000  0.000000e+00  8.504636e-04  2.155795e-03  4.784609e-04 
30769.000  0.000000e+00  8.323216e-04  2.065341e-03  4.611773e-04 
31250.000  0.000000e+00  7.724625e-04  1.988068e-03  4.393520e-04 
31746.000  0.000000e+00  7.506600e-04  1.901566e-03  4.221149e-04 
32258.000  0.000000e+00  7.269818e-04  1.817566e-03  4.049774e-04 
32787.000  0.000000e+00  7.814098e-04  1.716453e-03  3.975471e-04 
33333.000  0.000000e+00  7.565385e-04  1.637171e-03  3.809708e-04 
33898.000  0.000000e+00  7.680789e-04  1.552209e-03  3.692852e-04 
34483.000  0.000000e+00  8.576112e-04  1.455277e-03  3.681075e-04 
35088.000  0.000000e+00  8.362702e-04  1.382168e-03  3.530754e-04 
35714.000  0.000000e+00  8.046337e-04  1.312534e-03  3.369577e-04 
36364.000  0.000000e+00  6.754964e-04  1.261378e-03  3.082631e-04 
37037.000  0.000000e+00  6.464064e-04  1.194853e-03  2.930455e-04 
37736.000  0.000000e+00  6.395283e-04  1.126479e-03  2.810688e-04 
38462.000  0.000000e+00  6.725100e-04  1.053975e-03  2.747785e-04 
39216.000  0.000000e+00  6.536379e-04  9.921795e-04  2.619399e-04 
40000.000  0.000000e+00  6.212796e-04  9.343858e-04  2.475918e-04 
40816.000  0.000000e+00  5.826873e-04  8.795528e-04  2.327227e-04 
41667.000  0.000000e+00  5.508853e-04  8.255903e-04  2.190729e-04 
42553.000  0.000000e+00  5.136114e-04  7.745643e-04  2.050195e-04 
43478.000  0.000000e+00  5.150056e-04  7.200912e-04  1.965718e-04 
44444.000  0.000000e+00  5.090488e-04  6.686506e-04  1.874367e-04 
45455.000  0.000000e+00  5.081480e-04  6.183949e-04  1.792948e-04 
46512.000  0.000000e+00  4.768746e-04  5.746621e-04  1.673573e-04 
47619.000  0.000000e+00  4.429696e-04  5.334175e-04  1.553968e-04 
48780.000  0.000000e+00  4.105535e-04  4.940074e-04  1.439653e-04 
50000.000  0.000000e+00  3.747078e-04  4.570429e-04  1.323772e-04 
51282.000  0.000000e+00  3.369614e-04  4.223145e-04  1.208425e-04 
52632.000  0.000000e+00  3.123601e-04  3.877665e-04  1.114286e-04 
54054.000  0.000000e+00  2.848514e-04  3.554649e-04  1.019095e-04 
55556.000  0.000000e+00  2.756153e-04  3.226922e-04  9.522359e-05 
57143.000  0.000000e+00  2.526505e-04  2.936357e-04  8.694414e-05 
58824.000  0.000000e+00  2.307307e-04  2.663723e-04  7.911640e-05 
60606.000  0.000000e+00  2.079307e-04  2.410113e-04  7.145134e-05 
62500.000  0.000000e+00  1.876663e-04  2.171354e-04  6.442618e-05 
64516.000  0.000000e+00  1.713714e-04  1.945110e-04  5.823199e-05 
66667.000  0.000000e+00  1.553467e-04  1.735704e-04  5.234878e-05 
68966.000  0.000000e+00  1.392356e-04  1.542825e-04  4.671486e-05 
71429.000  0.000000e+00  1.239904e-04  1.365243e-04  4.146220e-05 
74074.000  0.000000e+00  1.088807e-04  1.202875e-04  3.647325e-05 
76923.000  0.000000e+00  9.512693e-05  1.053926e-04  3.191367e-05 
80000.000  0.000000e+00  8.261050e-05  9.178624e-05  2.775610e-05 
83333.000  0.000000e+00  7.047986e-05  7.951207e-05  2.387196e-05 
86957.000  0.000000e+00  6.045253e-05  6.830392e-05  2.049223e-05 
90909.000  0.000000e+00  5.143701e-05  5.823124e-05  1.745424e-05 
95238.000  0.000000e+00  4.459010e-05  4.910100e-05  1.491140e-05 
100000.000  0.000000e+00  3.789282e-05  4.106771e-05  1.256696e-05 
